<?xml version="1.0" encoding="UTF-8"?>
<!-- Generated by org.testng.reporters.JUnitReportReporter -->
<testsuite hostname="LAPTOP-8IPU5TVH" failures="0" tests="1" name="cucumber.TestNGTestRunner" time="9.811" errors="0" timestamp="2023-11-29T18:28:00 IST" skipped="0">
  <testcase classname="cucumber.TestNGTestRunner" name="runScenario" time="9.811"/>
  <system-out/>
</testsuite> <!-- cucumber.TestNGTestRunner -->
