<?xml version="1.0" encoding="UTF-8"?>
<!-- Generated by org.testng.reporters.JUnitReportReporter -->
<testsuite hostname="LAPTOP-8IPU5TVH" failures="0" tests="1" name="tonystarkindustries.tests.ErrorValidationsTest" time="4.319" errors="0" timestamp="2023-12-02T16:51:27 IST" skipped="0">
  <testcase classname="tonystarkindustries.tests.ErrorValidationsTest" name="LoginErrorValidation" time="4.319"/>
  <system-out/>
</testsuite> <!-- tonystarkindustries.tests.ErrorValidationsTest -->
