<?xml version="1.0" encoding="UTF-8"?>
<!-- Generated by org.testng.reporters.JUnitReportReporter -->
<testsuite hostname="LAPTOP-8IPU5TVH" failures="0" tests="2" name="tonystarkindustries.tests.SubmitOrderTest" time="16.277" errors="0" timestamp="2023-12-02T16:51:15 IST" skipped="0">
  <testcase classname="tonystarkindustries.tests.SubmitOrderTest" name="submitOrder" time="9.491"/>
  <system-out/>
  <testcase classname="tonystarkindustries.tests.SubmitOrderTest" name="submitOrder" time="6.786"/>
  <system-out/>
</testsuite> <!-- tonystarkindustries.tests.SubmitOrderTest -->
