<?xml version="1.0" encoding="UTF-8"?>
<!-- Generated by org.testng.reporters.JUnitReportReporter -->
<testsuite hostname="LAPTOP-8IPU5TVH" failures="0" tests="1" name="tonystarkindustries.tests.ErrorValidations" time="6.403" errors="0" timestamp="2023-11-17T14:05:36 IST" skipped="0">
  <testcase classname="tonystarkindustries.tests.ErrorValidations" name="submitOrder" time="6.403"/>
  <system-out/>
</testsuite> <!-- tonystarkindustries.tests.ErrorValidations -->
