<?xml version="1.0" encoding="UTF-8"?>
<!-- Generated by org.testng.reporters.JUnitReportReporter -->
<testsuite hostname="LAPTOP-8IPU5TVH" failures="0" tests="2" name="tonystarkindustries.tests.ErrorValidationsTest" time="15.654" errors="0" timestamp="2023-11-30T00:19:53 IST" skipped="0">
  <testcase classname="tonystarkindustries.tests.ErrorValidationsTest" name="LoginErrorValidation" time="5.857"/>
  <system-out/>
  <testcase classname="tonystarkindustries.tests.ErrorValidationsTest" name="ProductErrorValidation" time="9.797"/>
  <system-out/>
</testsuite> <!-- tonystarkindustries.tests.ErrorValidationsTest -->
