<?xml version="1.0" encoding="UTF-8"?>
<!-- Generated by org.testng.reporters.JUnitReportReporter -->
<testsuite hostname="LAPTOP-8IPU5TVH" failures="0" tests="3" name="tonystarkindustries.tests.SubmitOrderTest" time="26.539" errors="0" timestamp="2023-11-29T19:32:40 IST" skipped="0">
  <testcase classname="tonystarkindustries.tests.SubmitOrderTest" name="submitOrder" time="7.712"/>
  <system-out/>
  <testcase classname="tonystarkindustries.tests.SubmitOrderTest" name="submitOrder" time="7.998"/>
  <system-out/>
  <testcase classname="tonystarkindustries.tests.SubmitOrderTest" name="OrderHistoryTest" time="10.829"/>
  <system-out/>
</testsuite> <!-- tonystarkindustries.tests.SubmitOrderTest -->
