<?xml version="1.0" encoding="UTF-8"?>
<!-- Generated by org.testng.reporters.JUnitReportReporter -->
<testsuite hostname="LAPTOP-8IPU5TVH" failures="0" tests="1" name="cucumber.TestNGTestRunner" time="18.682" errors="0" timestamp="2023-11-30T00:08:37 IST" skipped="0">
  <testcase classname="cucumber.TestNGTestRunner" name="runScenario" time="18.682"/>
  <system-out/>
</testsuite> <!-- cucumber.TestNGTestRunner -->
