<?xml version="1.0" encoding="UTF-8"?>
<!-- Generated by org.testng.reporters.JUnitReportReporter -->
<testsuite hostname="LAPTOP-8IPU5TVH" failures="0" tests="2" name="tonystarkindustries.tests.ErrorValidationsTest" time="10.682" errors="0" timestamp="2023-11-29T19:32:40 IST" skipped="0">
  <testcase classname="tonystarkindustries.tests.ErrorValidationsTest" name="ProductErrorValidation" time="6.887"/>
  <system-out/>
  <testcase classname="tonystarkindustries.tests.ErrorValidationsTest" name="LoginErrorValidation" time="3.795"/>
  <system-out/>
</testsuite> <!-- tonystarkindustries.tests.ErrorValidationsTest -->
